<?xml version="1.0" encoding="UTF-8"?>
<!-- Generated by org.testng.reporters.JUnitReportReporter -->
<testsuite hostname="LAPTOP-9U986QKD" failures="0" tests="1" name="CucumberProject.Automation.AppTest" time="0.032" errors="0" timestamp="2023-09-14T03:49:17 EDT" skipped="0">
  <testcase classname="CucumberProject.Automation.AppTest" name="shouldAnswerWithTrue" time="0.032"/>
  <system-out/>
</testsuite> <!-- CucumberProject.Automation.AppTest -->
