<?xml version="1.0" encoding="UTF-8"?>
<!-- Generated by org.testng.reporters.JUnitReportReporter -->
<testsuite hostname="LAPTOP-9U986QKD" failures="0" tests="2" name="testrunner.TestngTestRunner" time="64.323" errors="0" timestamp="2024-04-19T19:03:00 EDT" skipped="0">
  <testcase classname="testrunner.TestngTestRunner" name="runScenario" time="32.038"/>
  <system-out/>
  <testcase classname="testrunner.TestngTestRunner" name="runScenario" time="32.285"/>
  <system-out/>
</testsuite> <!-- testrunner.TestngTestRunner -->
