<?xml version="1.0" encoding="UTF-8"?>
<!-- Generated by org.testng.reporters.JUnitReportReporter -->
<testsuite hostname="LAPTOP-9U986QKD" failures="0" tests="2" name="testrunner.TestngTestRunner" time="51.190" errors="0" timestamp="2024-04-17T14:14:24 EDT" skipped="0">
  <testcase classname="testrunner.TestngTestRunner" name="runScenario" time="25.932"/>
  <system-out/>
  <testcase classname="testrunner.TestngTestRunner" name="runScenario" time="25.258"/>
  <system-out/>
</testsuite> <!-- testrunner.TestngTestRunner -->
